<?xml version="1.0" encoding="UTF-8"?>
<testsuite name="Scenario: HeartAge all links test" time="0.099" tests="7" errors="0" skipped="0" failures="0">
  <properties>
    <property name="java.vendor" value="Oracle Corporation"/>
    <property name="JOB_NAME" value="Demo"/>
    <property name="sun.java.launcher" value="SUN_STANDARD"/>
    <property name="windows_tracing_logfile" value="C:\BVTBin\Tests\installpackage\csilogfile.log"/>
    <property name="NUMBER_OF_PROCESSORS" value="4"/>
    <property name="sun.management.compiler" value="HotSpot 64-Bit Tiered Compilers"/>
    <property name="DEFLOGDIR" value="C:\ProgramData\McAfee\Endpoint Security\Logs"/>
    <property name="JENKINS_HOME" value="C:\Users\SKarde\.jenkins"/>
    <property name="HUDSON_SERVER_COOKIE" value="03ffee9e41c7d5e6"/>
    <property name="os.name" value="Windows 7"/>
    <property name="sun.boot.class.path" value="C:\Program Files\Java\jdk1.8.0_181\jre\lib\resources.jar;C:\Program Files\Java\jdk1.8.0_181\jre\lib\rt.jar;C:\Program Files\Java\jdk1.8.0_181\jre\lib\sunrsasign.jar;C:\Program Files\Java\jdk1.8.0_181\jre\lib\jsse.jar;C:\Program Files\Java\jdk1.8.0_181\jre\lib\jce.jar;C:\Program Files\Java\jdk1.8.0_181\jre\lib\charsets.jar;C:\Program Files\Java\jdk1.8.0_181\jre\lib\jfr.jar;C:\Program Files\Java\jdk1.8.0_181\jre\classes"/>
    <property name="EXECUTOR_NUMBER" value="1"/>
    <property name="sun.desktop" value="windows"/>
    <property name="PATHEXT" value=".COM;.EXE;.BAT;.CMD;.VBS;.VBE;.JS;.JSE;.WSF;.WSH;.MSC"/>
    <property name="java.vm.specification.vendor" value="Oracle Corporation"/>
    <property name="NODE_LABELS" value="master"/>
    <property name="TEMP" value="C:\Users\SKarde\AppData\Local\Temp"/>
    <property name="java.runtime.version" value="1.8.0_181-b13"/>
    <property name="ST_INSTALL_PATH" value="C:\Program Files (x86)\HPE\Unified Functional Testing\"/>
    <property name="user.name" value="SKarde"/>
    <property name="guice.disable.misplaced.annotation.check" value="true"/>
    <property name="CommonProgramW6432" value="C:\Program Files\Common Files"/>
    <property name="ProgramFiles" value="C:\Program Files"/>
    <property name="OnlineServices" value="Online Services"/>
    <property name="PROMPT" value="$P$G"/>
    <property name="user.language" value="en"/>
    <property name="JOB_BASE_NAME" value="Demo"/>
    <property name="RUN_CHANGES_DISPLAY_URL" value="http://localhost:8080/job/Demo/1/display/redirect?page=changes"/>
    <property name="M2" value="C:\Program Files\Maven\apache-maven-3.5.4\bin"/>
    <property name="BUILD_DISPLAY_NAME" value="#1"/>
    <property name="sun.boot.library.path" value="C:\Program Files\Java\jdk1.8.0_181\jre\bin"/>
    <property name="LOCALAPPDATA" value="C:\Users\SKarde\AppData\Local"/>
    <property name="java.version" value="1.8.0_181"/>
    <property name="PROCESSOR_LEVEL" value="6"/>
    <property name="user.timezone" value="Europe/London"/>
    <property name="USERNAME" value="SKarde"/>
    <property name="sun.arch.data.model" value="64"/>
    <property name="NODE_NAME" value="master"/>
    <property name="java.endorsed.dirs" value="C:\Program Files\Java\jdk1.8.0_181\jre\lib\endorsed"/>
    <property name="UOIPME_REG_PATH" value="C:\Program Files\Intel Corporation\USB over IP"/>
    <property name="BUILD_ID" value="1"/>
    <property name="sun.cpu.isalist" value="amd64"/>
    <property name="sun.jnu.encoding" value="Cp1252"/>
    <property name="file.encoding.pkg" value="sun.io"/>
    <property name="file.separator" value="\"/>
    <property name="java.specification.name" value="Java Platform API Specification"/>
    <property name="HOMEDRIVE" value="C:"/>
    <property name="maven.conf" value="C:\Program Files\Maven\apache-maven-3.5.4\conf"/>
    <property name="OOBEUILang" value="en-US"/>
    <property name="java.class.version" value="52.0"/>
    <property name="org.slf4j.simpleLogger.defaultLogLevel" value="info"/>
    <property name="user.country" value="US"/>
    <property name="ALLUSERSPROFILE" value="C:\ProgramData"/>
    <property name="java.home" value="C:\Program Files\Java\jdk1.8.0_181\jre"/>
    <property name="java.vm.info" value="mixed mode"/>
    <property name="os.version" value="6.1"/>
    <property name="platformcode" value="6U"/>
    <property name="=ExitCode" value="00000001"/>
    <property name="PTSMINSTALLPATH_X86" value="c:\Program Files (x86)\Hewlett-Packard\HP ProtectTools Security Manager\"/>
    <property name="RUN_DISPLAY_URL" value="http://localhost:8080/job/Demo/1/display/redirect"/>
    <property name="TMP" value="C:\Users\SKarde\AppData\Local\Temp"/>
    <property name="path.separator" value=";"/>
    <property name="java.vm.version" value="25.181-b13"/>
    <property name="user.variant" value=""/>
    <property name="JOB_DISPLAY_URL" value="http://localhost:8080/job/Demo/display/redirect"/>
    <property name="Platform" value="BNB"/>
    <property name="CommonProgramFiles(x86)" value="C:\Program Files (x86)\Common Files"/>
    <property name="java.awt.printerjob" value="sun.awt.windows.WPrinterJob"/>
    <property name="FP_NO_HOST_CHECK" value="NO"/>
    <property name="CommonProgramFiles" value="C:\Program Files\Common Files"/>
    <property name="JAVA_HOME" value="C:\Program Files\Java\jdk1.8.0_181"/>
    <property name="sun.io.unicode.encoding" value="UnicodeLittle"/>
    <property name="ComSpec" value="C:\windows\system32\cmd.exe"/>
    <property name="awt.toolkit" value="sun.awt.windows.WToolkit"/>
    <property name="HOMEPATH" value="\Users\SKarde"/>
    <property name="USERDNSDOMAIN" value="AD.PROLIFICS.COM"/>
    <property name="user.script" value=""/>
    <property name="COMPUTERNAME" value="PRO-LAP-241"/>
    <property name="user.home" value="C:\Users\SKarde"/>
    <property name="PUBLIC" value="C:\Users\Public"/>
    <property name="BUILD_TAG" value="jenkins-Demo-1"/>
    <property name="JENKINS_SERVER_COOKIE" value="03ffee9e41c7d5e6"/>
    <property name="HUDSON_URL" value="http://localhost:8080/"/>
    <property name="ProgramData" value="C:\ProgramData"/>
    <property name="java.specification.vendor" value="Oracle Corporation"/>
    <property name="USERPROFILE" value="C:\Users\SKarde"/>
    <property name="CLASSPATH" value=""/>
    <property name="java.vendor.url" value="http://java.oracle.com/"/>
    <property name="java.library.path" value="C:\Program Files\Java\jdk1.8.0_181\bin;C:\windows\Sun\Java\bin;C:\windows\system32;C:\windows;C:\Program Files\Maven\apache-maven-3.5.4/bin;C:\Program Files\Java\jdk1.8.0_181/bin;C:\Program Files\Java\jdk1.8.0_181/bin;C:\Program Files (x86)\Common Files\Oracle\Java\javapath;C:\Program Files (x86)\Intel\iCLS Client\;C:\Program Files\Intel\iCLS Client\;C:\windows\system32;C:\windows;C:\windows\System32\Wbem;C:\windows\System32\WindowsPowerShell\v1.0\;C:\Program Files\Intel\WiFi\bin\;C:\Program Files\Common Files\Intel\WirelessCommon\;C:\Program Files\Intel\Intel(R) Management Engine Components\DAL;C:\Program Files (x86)\Intel\Intel(R) Management Engine Components\DAL;C:\Program Files\Intel\Intel(R) Management Engine Components\IPT;C:\Program Files (x86)\Intel\Intel(R) Management Engine Components\IPT;C:\Program Files (x86)\HPE\Unified Functional Testing\bin;.;C:\Program Files\Java\jdk1.8.0_181\lib;C:\Program Files\Java\jdk1.8.0_181\jre\lib;C:\Program Files\dotnet;C:\Program Files\Java\jdk1.8.0_181\bin;C:\Program Files\Maven\apache-maven-3.5.4\bin;C:\Program Files\Git\cmd;."/>
    <property name="java.vm.vendor" value="Oracle Corporation"/>
    <property name="APPDATA" value="C:\Users\SKarde\AppData\Roaming"/>
    <property name="java.runtime.name" value="Java(TM) SE Runtime Environment"/>
    <property name="maven.home" value="C:\Program Files\Maven\apache-maven-3.5.4"/>
    <property name="java.class.path" value="C:\Users\SKarde\.jenkins\plugins\maven-plugin\WEB-INF\lib\maven35-agent-1.12-alpha-1.jar;C:\Program Files\Maven\apache-maven-3.5.4\boot\plexus-classworlds-2.5.2.jar;C:\Program Files\Maven\apache-maven-3.5.4/conf/logging"/>
    <property name="sun.java.command" value="jenkins.maven3.agent.Maven35Main C:\Program Files\Maven\apache-maven-3.5.4 C:\Users\SKarde\.jenkins\war\WEB-INF\lib\remoting-3.25.jar C:\Users\SKarde\.jenkins\plugins\maven-plugin\WEB-INF\lib\maven35-interceptor-1.12-alpha-1.jar C:\Users\SKarde\.jenkins\plugins\maven-plugin\WEB-INF\lib\maven3-interceptor-commons-1.12-alpha-1.jar 51657"/>
    <property name="Path" value="C:\Program Files\Java\jdk1.8.0_181/bin;C:\Program Files (x86)\Common Files\Oracle\Java\javapath;C:\Program Files (x86)\Intel\iCLS Client\;C:\Program Files\Intel\iCLS Client\;C:\windows\system32;C:\windows;C:\windows\System32\Wbem;C:\windows\System32\WindowsPowerShell\v1.0\;C:\Program Files\Intel\WiFi\bin\;C:\Program Files\Common Files\Intel\WirelessCommon\;C:\Program Files\Intel\Intel(R) Management Engine Components\DAL;C:\Program Files (x86)\Intel\Intel(R) Management Engine Components\DAL;C:\Program Files\Intel\Intel(R) Management Engine Components\IPT;C:\Program Files (x86)\Intel\Intel(R) Management Engine Components\IPT;C:\Program Files (x86)\HPE\Unified Functional Testing\bin;.;C:\Program Files\Java\jdk1.8.0_181\lib;C:\Program Files\Java\jdk1.8.0_181\jre\lib;C:\Program Files\dotnet;C:\Program Files\Java\jdk1.8.0_181\bin;C:\Program Files\Maven\apache-maven-3.5.4\bin;C:\Program Files\Git\cmd"/>
    <property name="java.vm.specification.name" value="Java Virtual Machine Specification"/>
    <property name="PROCESSOR_ARCHITECTURE" value="AMD64"/>
    <property name="PATH+JDK" value="C:\Program Files\Java\jdk1.8.0_181/bin"/>
    <property name="PROCESSOR_IDENTIFIER" value="Intel64 Family 6 Model 61 Stepping 4, GenuineIntel"/>
    <property name="java.vm.specification.version" value="1.8"/>
    <property name="sun.os.patch.level" value="Service Pack 1"/>
    <property name="sun.cpu.endian" value="little"/>
    <property name="M2_HOME" value="C:\Program Files\Maven\apache-maven-3.5.4"/>
    <property name="java.io.tmpdir" value="C:\Users\SKarde\AppData\Local\Temp\"/>
    <property name="OS" value="Windows_NT"/>
    <property name="HUDSON_HOME" value="C:\Users\SKarde\.jenkins"/>
    <property name="PATH+MAVEN" value="C:\Program Files\Maven\apache-maven-3.5.4/bin"/>
    <property name="ProgramFiles(x86)" value="C:\Program Files (x86)"/>
    <property name="BUILD_URL" value="http://localhost:8080/job/Demo/1/"/>
    <property name="java.vendor.url.bug" value="http://bugreport.sun.com/bugreport/"/>
    <property name="java.awt.graphicsenv" value="sun.awt.Win32GraphicsEnvironment"/>
    <property name="os.arch" value="amd64"/>
    <property name="SystemRoot" value="C:\windows"/>
    <property name="windows_tracing_flags" value="3"/>
    <property name="java.ext.dirs" value="C:\Program Files\Java\jdk1.8.0_181\jre\lib\ext;C:\windows\Sun\Java\lib\ext"/>
    <property name="user.dir" value="C:\Automation\BDD_PHE_HeartAge"/>
    <property name="JOB_URL" value="http://localhost:8080/job/Demo/"/>
    <property name="LOGONSERVER" value="\\WB-DC"/>
    <property name="USERDOMAIN" value="PROLIFICS"/>
    <property name="line.separator" value="&#10;"/>
    <property name="MAVEN_HOME" value="C:\Program Files\Maven\apache-maven-3.5.4"/>
    <property name="java.vm.name" value="Java HotSpot(TM) 64-Bit Server VM"/>
    <property name="BUILD_NUMBER" value="1"/>
    <property name="JENKINS_URL" value="http://localhost:8080/"/>
    <property name="PROCESSOR_REVISION" value="3d04"/>
    <property name="ProgramW6432" value="C:\Program Files"/>
    <property name="windir" value="C:\windows"/>
    <property name="FPPUILang" value="en-US"/>
    <property name="=C:" value="C:\Automation\Jenkins"/>
    <property name="file.encoding" value="Cp1252"/>
    <property name="SystemDrive" value="C:"/>
    <property name="maven3.interceptor" value="C:\Users\SKarde\.jenkins\plugins\maven-plugin\WEB-INF\lib\maven35-interceptor-1.12-alpha-1.jar"/>
    <property name="WORKSPACE" value="C:\Users\SKarde\.jenkins\workspace\Demo"/>
    <property name="maven3.interceptor.common" value="C:\Users\SKarde\.jenkins\plugins\maven-plugin\WEB-INF\lib\maven3-interceptor-commons-1.12-alpha-1.jar"/>
    <property name="java.specification.version" value="1.8"/>
    <property name="PSModulePath" value="C:\windows\system32\WindowsPowerShell\v1.0\Modules\"/>
  </properties>
  <testcase name="Given I land on heart age test page" classname="Scenario: Test HeartAge with different set of data" time="0.002"/>
  <testcase name="And click on Start option" classname="Scenario: Test HeartAge with different set of data" time="0"/>
  <testcase name="And Enter details from excel &quot;C:\Automation\BDD_PHE_HeartAge\src\test\java\HA_TestData\Heart Age - Test cases v1.xlsx&quot; and &quot;Test HeartAge with different set of data&quot;" classname="Scenario: Test HeartAge with different set of data" time="0"/>
  <testcase name="Scenario: Test HeartAge with different set of data" classname="Scenario: Test HeartAge with different set of data" time="0.003"/>
  <testcase name="Given I land on heart age page and click on terms and conditions" classname="Scenario: HeartAge all links test" time="0"/>
  <testcase name="When clicked on links why is this asked, why is this imp, why is this being asked, what is cardiovascular disease, height, weight, what is rheumatoid arthritis?,What is chronic kidney disease?,what is atrial fibrillation?,What does this mean?,Cholesterol information,blood pressure information,Blood pressure treatment from &quot;C:\Automation\BDD_PHE_HeartAge\src\test\java\HA_TestData\Heart Age - Test cases v1.xlsx&quot;" classname="Scenario: HeartAge all links test" time="0.047"/>
  <testcase name="Scenario: HeartAge all links test" classname="Scenario: HeartAge all links test" time="0.047"/>
</testsuite>